<?xml version="1.0" encoding="UTF-8"?>
<!-- Generated by org.testng.reporters.JUnitReportReporter -->
<testsuite name="script.Amazon" tests="1" time="37.410" ignored="0" failures="0" timestamp="18 Mar 2017 09:36:17 GMT" skipped="0" hostname="Aarush" errors="0">
  <testcase name="testAmazon" time="37.410" classname="script.Amazon"/>
</testsuite> <!-- script.Amazon -->
